# JRE version: Java(TM) SE Runtime Environment 18.9 (11.0.12+8) (build 11.0.12+8-LTS-237)
# Java VM: Java HotSpot(TM) 64-Bit Server VM 18.9 (11.0.12+8-LTS-237, mixed mode, tiered, compressed oops, parallel gc, windows-amd64)
Heap:
 PSYoungGen      total 27648K, used 3814K [0x00000000eab00000, 0x00000000ec980000, 0x0000000100000000)
  eden space 25088K, 15% used [0x00000000eab00000,0x00000000eaeb9a70,0x00000000ec380000)
  from space 2560K, 0% used [0x00000000ec500000,0x00000000ec500000,0x00000000ec780000)
  to   space 2048K, 0% used [0x00000000ec780000,0x00000000ec780000,0x00000000ec980000)
 ParOldGen       total 68608K, used 14591K [0x00000000c0000000, 0x00000000c4300000, 0x00000000eab00000)
  object space 68608K, 21% used [0x00000000c0000000,0x00000000c0e3fc58,0x00000000c4300000)
 Metaspace       used 41755K, capacity 44068K, committed 44288K, reserved 1095680K
  class space    used 4415K, capacity 5250K, committed 5376K, reserved 1048576K
GC Heap History (10 events):
Event: 5.167 GC heap before
{Heap before GC invocations=4 (full 1):
 PSYoungGen      total 29696K, used 25600K [0x00000000eab00000, 0x00000000ecc00000, 0x0000000100000000)
  eden space 25600K, 100% used [0x00000000eab00000,0x00000000ec400000,0x00000000ec400000)
  from space 4096K, 0% used [0x00000000ec800000,0x00000000ec800000,0x00000000ecc00000)
  to   space 4096K, 0% used [0x00000000ec400000,0x00000000ec400000,0x00000000ec800000)
 ParOldGen       total 68608K, used 6947K [0x00000000c0000000, 0x00000000c4300000, 0x00000000eab00000)
  object space 68608K, 10% used [0x00000000c0000000,0x00000000c06c8d80,0x00000000c4300000)
 Metaspace       used 26052K, capacity 27587K, committed 27648K, reserved 1073152K
  class space    used 2446K, capacity 3039K, committed 3072K, reserved 1048576K
}
Event: 5.183 GC heap after
{Heap after GC invocations=4 (full 1):
 PSYoungGen      total 29696K, used 2949K [0x00000000eab00000, 0x00000000ecc00000, 0x0000000100000000)
  eden space 25600K, 0% used [0x00000000eab00000,0x00000000eab00000,0x00000000ec400000)
  from space 4096K, 72% used [0x00000000ec400000,0x00000000ec6e1520,0x00000000ec800000)
  to   space 4096K, 0% used [0x00000000ec800000,0x00000000ec800000,0x00000000ecc00000)
 ParOldGen       total 68608K, used 6963K [0x00000000c0000000, 0x00000000c4300000, 0x00000000eab00000)
  object space 68608K, 10% used [0x00000000c0000000,0x00000000c06ccd98,0x00000000c4300000)
 Metaspace       used 26052K, capacity 27587K, committed 27648K, reserved 1073152K
  class space    used 2446K, capacity 3039K, committed 3072K, reserved 1048576K
}
Event: 6.133 GC heap before
{Heap before GC invocations=5 (full 1):
 PSYoungGen      total 29696K, used 28549K [0x00000000eab00000, 0x00000000ecc00000, 0x0000000100000000)
  eden space 25600K, 100% used [0x00000000eab00000,0x00000000ec400000,0x00000000ec400000)
  from space 4096K, 72% used [0x00000000ec400000,0x00000000ec6e1520,0x00000000ec800000)
  to   space 4096K, 0% used [0x00000000ec800000,0x00000000ec800000,0x00000000ecc00000)
 ParOldGen       total 68608K, used 6963K [0x00000000c0000000, 0x00000000c4300000, 0x00000000eab00000)
  object space 68608K, 10% used [0x00000000c0000000,0x00000000c06ccd98,0x00000000c4300000)
 Metaspace       used 33012K, capacity 35249K, committed 35328K, reserved 1081344K
  class space    used 3309K, capacity 4091K, committed 4096K, reserved 1048576K
}
Event: 6.137 GC heap after
{Heap after GC invocations=5 (full 1):
 PSYoungGen      total 29696K, used 4075K [0x00000000eab00000, 0x00000000ecc00000, 0x0000000100000000)
  eden space 25600K, 0% used [0x00000000eab00000,0x00000000eab00000,0x00000000ec400000)
  from space 4096K, 99% used [0x00000000ec800000,0x00000000ecbfafd0,0x00000000ecc00000)
  to   space 4096K, 0% used [0x00000000ec400000,0x00000000ec400000,0x00000000ec800000)
 ParOldGen       total 68608K, used 8360K [0x00000000c0000000, 0x00000000c4300000, 0x00000000eab00000)
  object space 68608K, 12% used [0x00000000c0000000,0x00000000c082a2e0,0x00000000c4300000)
 Metaspace       used 33012K, capacity 35249K, committed 35328K, reserved 1081344K
  class space    used 3309K, capacity 4091K, committed 4096K, reserved 1048576K
}
Event: 6.147 GC heap before
{Heap before GC invocations=6 (full 1):
 PSYoungGen      total 29696K, used 4140K [0x00000000eab00000, 0x00000000ecc00000, 0x0000000100000000)
  eden space 25600K, 0% used [0x00000000eab00000,0x00000000eab102f8,0x00000000ec400000)
  from space 4096K, 99% used [0x00000000ec800000,0x00000000ecbfafd0,0x00000000ecc00000)
  to   space 4096K, 0% used [0x00000000ec400000,0x00000000ec400000,0x00000000ec800000)
 ParOldGen       total 68608K, used 8360K [0x00000000c0000000, 0x00000000c4300000, 0x00000000eab00000)
  object space 68608K, 12% used [0x00000000c0000000,0x00000000c082a2e0,0x00000000c4300000)
 Metaspace       used 33148K, capacity 35313K, committed 35328K, reserved 1081344K
  class space    used 3320K, capacity 4091K, committed 4096K, reserved 1048576K
}
Event: 6.149 GC heap after
{Heap after GC invocations=6 (full 1):
 PSYoungGen      total 29696K, used 4071K [0x00000000eab00000, 0x00000000ece00000, 0x0000000100000000)
  eden space 25600K, 0% used [0x00000000eab00000,0x00000000eab00000,0x00000000ec400000)
  from space 4096K, 99% used [0x00000000ec400000,0x00000000ec7f9d80,0x00000000ec800000)
  to   space 5120K, 0% used [0x00000000ec900000,0x00000000ec900000,0x00000000ece00000)
 ParOldGen       total 68608K, used 8456K [0x00000000c0000000, 0x00000000c4300000, 0x00000000eab00000)
  object space 68608K, 12% used [0x00000000c0000000,0x00000000c08422e0,0x00000000c4300000)
 Metaspace       used 33148K, capacity 35313K, committed 35328K, reserved 1081344K
  class space    used 3320K, capacity 4091K, committed 4096K, reserved 1048576K
}
Event: 6.149 GC heap before
{Heap before GC invocations=7 (full 2):
 PSYoungGen      total 29696K, used 4071K [0x00000000eab00000, 0x00000000ece00000, 0x0000000100000000)
  eden space 25600K, 0% used [0x00000000eab00000,0x00000000eab00000,0x00000000ec400000)
  from space 4096K, 99% used [0x00000000ec400000,0x00000000ec7f9d80,0x00000000ec800000)
  to   space 5120K, 0% used [0x00000000ec900000,0x00000000ec900000,0x00000000ece00000)
 ParOldGen       total 68608K, used 8456K [0x00000000c0000000, 0x00000000c4300000, 0x00000000eab00000)
  object space 68608K, 12% used [0x00000000c0000000,0x00000000c08422e0,0x00000000c4300000)
 Metaspace       used 33148K, capacity 35313K, committed 35328K, reserved 1081344K
  class space    used 3320K, capacity 4091K, committed 4096K, reserved 1048576K
}
Event: 6.244 GC heap after
{Heap after GC invocations=7 (full 2):
 PSYoungGen      total 29696K, used 0K [0x00000000eab00000, 0x00000000ece00000, 0x0000000100000000)
  eden space 25600K, 0% used [0x00000000eab00000,0x00000000eab00000,0x00000000ec400000)
  from space 4096K, 0% used [0x00000000ec400000,0x00000000ec400000,0x00000000ec800000)
  to   space 5120K, 0% used [0x00000000ec900000,0x00000000ec900000,0x00000000ece00000)
 ParOldGen       total 68608K, used 12274K [0x00000000c0000000, 0x00000000c4300000, 0x00000000eab00000)
  object space 68608K, 17% used [0x00000000c0000000,0x00000000c0bfcbe0,0x00000000c4300000)
 Metaspace       used 33148K, capacity 35313K, committed 35328K, reserved 1081344K
  class space    used 3320K, capacity 4091K, committed 4096K, reserved 1048576K
}
Event: 6.695 GC heap before
{Heap before GC invocations=8 (full 2):
 PSYoungGen      total 29696K, used 25600K [0x00000000eab00000, 0x00000000ece00000, 0x0000000100000000)
  eden space 25600K, 100% used [0x00000000eab00000,0x00000000ec400000,0x00000000ec400000)
  from space 4096K, 0% used [0x00000000ec400000,0x00000000ec400000,0x00000000ec800000)
  to   space 5120K, 0% used [0x00000000ec900000,0x00000000ec900000,0x00000000ece00000)
 ParOldGen       total 68608K, used 12274K [0x00000000c0000000, 0x00000000c4300000, 0x00000000eab00000)
  object space 68608K, 17% used [0x00000000c0000000,0x00000000c0bfcbe0,0x00000000c4300000)
 Metaspace       used 38771K, capacity 41054K, committed 41216K, reserved 1085440K
  class space    used 4021K, capacity 4823K, committed 4864K, reserved 1048576K
}
Event: 6.697 GC heap after
{Heap after GC invocations=8 (full 2):
 PSYoungGen      total 27136K, used 1885K [0x00000000eab00000, 0x00000000ecb00000, 0x0000000100000000)
  eden space 25088K, 0% used [0x00000000eab00000,0x00000000eab00000,0x00000000ec380000)
  from space 2048K, 92% used [0x00000000ec900000,0x00000000ecad7458,0x00000000ecb00000)
  to   space 3072K, 0% used [0x00000000ec500000,0x00000000ec500000,0x00000000ec800000)
 ParOldGen       total 68608K, used 12282K [0x00000000c0000000, 0x00000000c4300000, 0x00000000eab00000)
  object space 68608K, 17% used [0x00000000c0000000,0x00000000c0bfebe0,0x00000000c4300000)
 Metaspace       used 38771K, capacity 41054K, committed 41216K, reserved 1085440K
  class space    used 4021K, capacity 4823K, committed 4864K, reserved 1048576K
}

